Performing C SOURCE FILE Test CMAKE_HAVE_LIBC_PTHREAD failed with the following output:
Change Dir: /home/xiaoyun/Code/gaussian-splatting/BA/build/CMakeFiles/CMakeTmp

Run Build Command(s):/usr/bin/make cmTC_5ba5d/fast && /usr/bin/make -f CMakeFiles/cmTC_5ba5d.dir/build.make CMakeFiles/cmTC_5ba5d.dir/build
make[1]: Entering directory '/home/xiaoyun/Code/gaussian-splatting/BA/build/CMakeFiles/CMakeTmp'
Building C object CMakeFiles/cmTC_5ba5d.dir/src.c.o
/usr/bin/cc   -DCMAKE_HAVE_LIBC_PTHREAD   -o CMakeFiles/cmTC_5ba5d.dir/src.c.o   -c /home/xiaoyun/Code/gaussian-splatting/BA/build/CMakeFiles/CMakeTmp/src.c
Linking C executable cmTC_5ba5d
/usr/bin/cmake -E cmake_link_script CMakeFiles/cmTC_5ba5d.dir/link.txt --verbose=1
/usr/bin/cc  -DCMAKE_HAVE_LIBC_PTHREAD    -rdynamic CMakeFiles/cmTC_5ba5d.dir/src.c.o  -o cmTC_5ba5d 
/usr/bin/ld: CMakeFiles/cmTC_5ba5d.dir/src.c.o: in function `main':
src.c:(.text+0x46): undefined reference to `pthread_create'
/usr/bin/ld: src.c:(.text+0x52): undefined reference to `pthread_detach'
/usr/bin/ld: src.c:(.text+0x63): undefined reference to `pthread_join'
collect2: error: ld returned 1 exit status
make[1]: *** [CMakeFiles/cmTC_5ba5d.dir/build.make:87: cmTC_5ba5d] Error 1
make[1]: Leaving directory '/home/xiaoyun/Code/gaussian-splatting/BA/build/CMakeFiles/CMakeTmp'
make: *** [Makefile:121: cmTC_5ba5d/fast] Error 2


Source file was:
#include <pthread.h>

void* test_func(void* data)
{
  return data;
}

int main(void)
{
  pthread_t thread;
  pthread_create(&thread, NULL, test_func, NULL);
  pthread_detach(thread);
  pthread_join(thread, NULL);
  pthread_atfork(NULL, NULL, NULL);
  pthread_exit(NULL);

  return 0;
}

Determining if the function pthread_create exists in the pthreads failed with the following output:
Change Dir: /home/xiaoyun/Code/gaussian-splatting/BA/build/CMakeFiles/CMakeTmp

Run Build Command(s):/usr/bin/make cmTC_eea0d/fast && /usr/bin/make -f CMakeFiles/cmTC_eea0d.dir/build.make CMakeFiles/cmTC_eea0d.dir/build
make[1]: Entering directory '/home/xiaoyun/Code/gaussian-splatting/BA/build/CMakeFiles/CMakeTmp'
Building C object CMakeFiles/cmTC_eea0d.dir/CheckFunctionExists.c.o
/usr/bin/cc   -DCHECK_FUNCTION_EXISTS=pthread_create   -o CMakeFiles/cmTC_eea0d.dir/CheckFunctionExists.c.o   -c /usr/share/cmake-3.16/Modules/CheckFunctionExists.c
Linking C executable cmTC_eea0d
/usr/bin/cmake -E cmake_link_script CMakeFiles/cmTC_eea0d.dir/link.txt --verbose=1
/usr/bin/cc  -DCHECK_FUNCTION_EXISTS=pthread_create    -rdynamic CMakeFiles/cmTC_eea0d.dir/CheckFunctionExists.c.o  -o cmTC_eea0d  -lpthreads 
/usr/bin/ld: cannot find -lpthreads
collect2: error: ld returned 1 exit status
make[1]: *** [CMakeFiles/cmTC_eea0d.dir/build.make:87: cmTC_eea0d] Error 1
make[1]: Leaving directory '/home/xiaoyun/Code/gaussian-splatting/BA/build/CMakeFiles/CMakeTmp'
make: *** [Makefile:121: cmTC_eea0d/fast] Error 2



Determining if the function sgemm_ exists failed with the following output:
Change Dir: /home/xiaoyun/Code/gaussian-splatting/BA/build/CMakeFiles/CMakeTmp

Run Build Command(s):/usr/bin/make cmTC_7ce0b/fast && /usr/bin/make -f CMakeFiles/cmTC_7ce0b.dir/build.make CMakeFiles/cmTC_7ce0b.dir/build
make[1]: Entering directory '/home/xiaoyun/Code/gaussian-splatting/BA/build/CMakeFiles/CMakeTmp'
Building C object CMakeFiles/cmTC_7ce0b.dir/CheckFunctionExists.c.o
/usr/bin/cc   -DCHECK_FUNCTION_EXISTS=sgemm_   -o CMakeFiles/cmTC_7ce0b.dir/CheckFunctionExists.c.o   -c /usr/share/cmake-3.16/Modules/CheckFunctionExists.c
Linking C executable cmTC_7ce0b
/usr/bin/cmake -E cmake_link_script CMakeFiles/cmTC_7ce0b.dir/link.txt --verbose=1
/usr/bin/cc  -DCHECK_FUNCTION_EXISTS=sgemm_    -rdynamic CMakeFiles/cmTC_7ce0b.dir/CheckFunctionExists.c.o  -o cmTC_7ce0b 
/usr/bin/ld: CMakeFiles/cmTC_7ce0b.dir/CheckFunctionExists.c.o: in function `main':
CheckFunctionExists.c:(.text+0x14): undefined reference to `sgemm_'
collect2: error: ld returned 1 exit status
make[1]: *** [CMakeFiles/cmTC_7ce0b.dir/build.make:87: cmTC_7ce0b] Error 1
make[1]: Leaving directory '/home/xiaoyun/Code/gaussian-splatting/BA/build/CMakeFiles/CMakeTmp'
make: *** [Makefile:121: cmTC_7ce0b/fast] Error 2



Determining if the function cheev_ exists failed with the following output:
Change Dir: /home/xiaoyun/Code/gaussian-splatting/BA/build/CMakeFiles/CMakeTmp

Run Build Command(s):/usr/bin/make cmTC_6f486/fast && /usr/bin/make -f CMakeFiles/cmTC_6f486.dir/build.make CMakeFiles/cmTC_6f486.dir/build
make[1]: Entering directory '/home/xiaoyun/Code/gaussian-splatting/BA/build/CMakeFiles/CMakeTmp'
Building C object CMakeFiles/cmTC_6f486.dir/CheckFunctionExists.c.o
/usr/bin/cc   -DCHECK_FUNCTION_EXISTS=cheev_   -o CMakeFiles/cmTC_6f486.dir/CheckFunctionExists.c.o   -c /usr/share/cmake-3.16/Modules/CheckFunctionExists.c
Linking C executable cmTC_6f486
/usr/bin/cmake -E cmake_link_script CMakeFiles/cmTC_6f486.dir/link.txt --verbose=1
/usr/bin/cc  -DCHECK_FUNCTION_EXISTS=cheev_    -rdynamic CMakeFiles/cmTC_6f486.dir/CheckFunctionExists.c.o  -o cmTC_6f486  /usr/lib/x86_64-linux-gnu/libf77blas.so /usr/lib/x86_64-linux-gnu/libatlas.so 
/usr/bin/ld: CMakeFiles/cmTC_6f486.dir/CheckFunctionExists.c.o: in function `main':
CheckFunctionExists.c:(.text+0x14): undefined reference to `cheev_'
collect2: error: ld returned 1 exit status
make[1]: *** [CMakeFiles/cmTC_6f486.dir/build.make:89: cmTC_6f486] Error 1
make[1]: Leaving directory '/home/xiaoyun/Code/gaussian-splatting/BA/build/CMakeFiles/CMakeTmp'
make: *** [Makefile:121: cmTC_6f486/fast] Error 2



